<?xml version="1.0" encoding="UTF-8"?>
<testng-results ignored="0" total="1" passed="1" failed="0" skipped="0">
  <reporter-output>
  </reporter-output>
  <suite started-at="2021-08-07T16:07:31 IST" name="Default suite" finished-at="2021-08-07T16:08:11 IST" duration-ms="39781">
    <groups>
    </groups>
    <test started-at="2021-08-07T16:07:31 IST" name="Default test" finished-at="2021-08-07T16:08:11 IST" duration-ms="39781">
      <class name="testCases.TC01">
        <test-method is-config="true" signature="setup()[pri:0, instance:testCases.TC01@7c729a55]" started-at="2021-08-07T16:07:31 IST" name="setup" finished-at="2021-08-07T16:08:04 IST" duration-ms="33251" status="PASS">
          <reporter-output>
          </reporter-output>
        </test-method> <!-- setup -->
        <test-method signature="loginTest()[pri:0, instance:testCases.TC01@7c729a55]" started-at="2021-08-07T16:08:04 IST" name="loginTest" finished-at="2021-08-07T16:08:11 IST" duration-ms="6494" status="PASS">
          <reporter-output>
          </reporter-output>
        </test-method> <!-- loginTest -->
        <test-method is-config="true" signature="Close()[pri:0, instance:testCases.TC01@7c729a55]" started-at="2021-08-07T16:08:11 IST" name="Close" finished-at="2021-08-07T16:08:11 IST" duration-ms="0" status="PASS">
          <reporter-output>
          </reporter-output>
        </test-method> <!-- Close -->
      </class> <!-- testCases.TC01 -->
    </test> <!-- Default test -->
  </suite> <!-- Default suite -->
</testng-results>
